<?xml version="1.0" encoding="UTF-8"?>
<coverage generated="1594291147145" clover="3.2.0">
  <project timestamp="1594291147145" name="All files">
    <metrics statements="120" coveredstatements="116" conditionals="34" coveredconditionals="31" methods="62" coveredmethods="57" elements="216" coveredelements="204" complexity="0" loc="120" ncloc="120" packages="1" files="7" classes="7"/>
    <file name="VUnsplash.vue" path="C:\Users\phili\Documents\Projects\webdev\open_source\vuetify-unsplash\src\components\VUnsplash.vue">
      <metrics statements="104" coveredstatements="100" conditionals="34" coveredconditionals="31" methods="47" coveredmethods="42"/>
      <line num="145" count="1" type="stmt"/>
      <line num="146" count="1" type="stmt"/>
      <line num="147" count="1" type="stmt"/>
      <line num="148" count="1" type="stmt"/>
      <line num="149" count="1" type="stmt"/>
      <line num="150" count="1" type="stmt"/>
      <line num="151" count="1" type="stmt"/>
      <line num="152" count="1" type="stmt"/>
      <line num="153" count="1" type="stmt"/>
      <line num="200" count="16" type="stmt"/>
      <line num="204" count="16" type="stmt"/>
      <line num="209" count="16" type="stmt"/>
      <line num="247" count="16" type="stmt"/>
      <line num="261" count="16" type="stmt"/>
      <line num="262" count="0" type="stmt"/>
      <line num="267" count="30" type="stmt"/>
      <line num="268" count="30" type="cond" truecount="4" falsecount="0"/>
      <line num="269" count="21" type="stmt"/>
      <line num="271" count="9" type="stmt"/>
      <line num="274" count="18" type="cond" truecount="2" falsecount="0"/>
      <line num="280" count="47" type="stmt"/>
      <line num="283" count="29" type="stmt"/>
      <line num="286" count="30" type="cond" truecount="2" falsecount="0"/>
      <line num="287" count="2" type="cond" truecount="2" falsecount="0"/>
      <line num="292" count="28" type="stmt"/>
      <line num="296" count="16" type="stmt"/>
      <line num="297" count="16" type="stmt"/>
      <line num="302" count="16" type="stmt"/>
      <line num="303" count="16" type="stmt"/>
      <line num="310" count="2" type="stmt"/>
      <line num="311" count="2" type="stmt"/>
      <line num="312" count="0" type="stmt"/>
      <line num="314" count="2" type="stmt"/>
      <line num="315" count="2" type="stmt"/>
      <line num="316" count="2" type="stmt"/>
      <line num="317" count="2" type="stmt"/>
      <line num="318" count="2" type="stmt"/>
      <line num="319" count="2" type="stmt"/>
      <line num="322" count="3" type="cond" truecount="2" falsecount="0"/>
      <line num="325" count="3" type="cond" truecount="2" falsecount="0"/>
      <line num="328" count="1" type="stmt"/>
      <line num="332" count="5" type="stmt"/>
      <line num="333" count="3" type="cond" truecount="1" falsecount="1"/>
      <line num="334" count="3" type="stmt"/>
      <line num="335" count="3" type="stmt"/>
      <line num="336" count="3" type="stmt"/>
      <line num="337" count="2" type="stmt"/>
      <line num="342" count="3" type="stmt"/>
      <line num="343" count="3" type="stmt"/>
      <line num="344" count="3" type="stmt"/>
      <line num="353" count="0" type="stmt"/>
      <line num="360" count="2" type="cond" truecount="2" falsecount="0"/>
      <line num="361" count="1" type="stmt"/>
      <line num="363" count="2" type="cond" truecount="1" falsecount="1"/>
      <line num="364" count="2" type="stmt"/>
      <line num="366" count="2" type="stmt"/>
      <line num="367" count="3" type="stmt"/>
      <line num="378" count="2" type="stmt"/>
      <line num="381" count="1" type="stmt"/>
      <line num="382" count="1" type="stmt"/>
      <line num="386" count="2" type="stmt"/>
      <line num="389" count="2" type="stmt"/>
      <line num="393" count="2" type="stmt"/>
      <line num="396" count="2" type="stmt"/>
      <line num="400" count="6" type="cond" truecount="2" falsecount="0"/>
      <line num="401" count="14" type="stmt"/>
      <line num="404" count="4" type="cond" truecount="4" falsecount="0"/>
      <line num="408" count="1" type="stmt"/>
      <line num="409" count="1" type="stmt"/>
      <line num="410" count="3" type="cond" truecount="4" falsecount="0"/>
      <line num="411" count="1" type="stmt"/>
      <line num="412" count="1" type="stmt"/>
      <line num="414" count="5" type="stmt"/>
      <line num="417" count="2" type="stmt"/>
      <line num="420" count="5" type="stmt"/>
      <line num="423" count="2" type="stmt"/>
      <line num="428" count="33" type="stmt"/>
      <line num="429" count="33" type="stmt"/>
      <line num="430" count="0" type="stmt"/>
      <line num="432" count="33" type="stmt"/>
      <line num="433" count="33" type="cond" truecount="1" falsecount="1"/>
      <line num="442" count="3" type="stmt"/>
      <line num="443" count="3" type="stmt"/>
      <line num="446" count="1" type="stmt"/>
      <line num="449" count="1" type="stmt"/>
      <line num="453" count="2" type="cond" truecount="2" falsecount="0"/>
      <line num="455" count="1" type="stmt"/>
      <line num="456" count="1" type="stmt"/>
      <line num="457" count="3" type="stmt"/>
      <line num="458" count="1" type="stmt"/>
      <line num="459" count="1" type="stmt"/>
      <line num="467" count="1" type="stmt"/>
      <line num="472" count="1" type="stmt"/>
      <line num="473" count="1" type="stmt"/>
      <line num="474" count="1" type="stmt"/>
      <line num="476" count="1" type="stmt"/>
      <line num="477" count="1" type="stmt"/>
      <line num="478" count="1" type="stmt"/>
      <line num="479" count="3" type="stmt"/>
      <line num="480" count="1" type="stmt"/>
      <line num="481" count="2" type="stmt"/>
      <line num="485" count="1" type="stmt"/>
      <line num="486" count="1" type="stmt"/>
      <line num="487" count="1" type="stmt"/>
    </file>
    <file name="VUnsplashAppBar.vue" path="C:\Users\phili\Documents\Projects\webdev\open_source\vuetify-unsplash\src\components\VUnsplashAppBar.vue">
      <metrics statements="2" coveredstatements="2" conditionals="0" coveredconditionals="0" methods="2" coveredmethods="2"/>
      <line num="60" count="1" type="stmt"/>
      <line num="63" count="1" type="stmt"/>
    </file>
    <file name="VUnsplashBlockSaveBtn.vue" path="C:\Users\phili\Documents\Projects\webdev\open_source\vuetify-unsplash\src\components\VUnsplashBlockSaveBtn.vue">
      <metrics statements="1" coveredstatements="1" conditionals="0" coveredconditionals="0" methods="1" coveredmethods="1"/>
      <line num="52" count="1" type="stmt"/>
    </file>
    <file name="VUnsplashDataIteratorFooter.vue" path="C:\Users\phili\Documents\Projects\webdev\open_source\vuetify-unsplash\src\components\VUnsplashDataIteratorFooter.vue">
      <metrics statements="4" coveredstatements="4" conditionals="0" coveredconditionals="0" methods="4" coveredmethods="4"/>
      <line num="105" count="20" type="stmt"/>
      <line num="111" count="1" type="stmt"/>
      <line num="114" count="1" type="stmt"/>
      <line num="117" count="1" type="stmt"/>
    </file>
    <file name="VUnsplashDataIteratorSearchBar.vue" path="C:\Users\phili\Documents\Projects\webdev\open_source\vuetify-unsplash\src\components\VUnsplashDataIteratorSearchBar.vue">
      <metrics statements="4" coveredstatements="4" conditionals="0" coveredconditionals="0" methods="4" coveredmethods="4"/>
      <line num="68" count="19" type="stmt"/>
      <line num="73" count="1" type="stmt"/>
      <line num="77" count="1" type="stmt"/>
      <line num="80" count="1" type="stmt"/>
    </file>
    <file name="VUnsplashDataIteratorSelectionHeader.vue" path="C:\Users\phili\Documents\Projects\webdev\open_source\vuetify-unsplash\src\components\VUnsplashDataIteratorSelectionHeader.vue">
      <metrics statements="3" coveredstatements="3" conditionals="0" coveredconditionals="0" methods="3" coveredmethods="3"/>
      <line num="114" count="1" type="stmt"/>
      <line num="117" count="1" type="stmt"/>
      <line num="120" count="1" type="stmt"/>
    </file>
    <file name="VUnsplashImageStack.vue" path="C:\Users\phili\Documents\Projects\webdev\open_source\vuetify-unsplash\src\components\VUnsplashImageStack.vue">
      <metrics statements="2" coveredstatements="2" conditionals="0" coveredconditionals="0" methods="1" coveredmethods="1"/>
      <line num="76" count="2" type="stmt"/>
      <line num="103" count="1" type="stmt"/>
    </file>
  </project>
</coverage>
