{"C:\\Users\\phili\\Documents\\Projects\\webdev\\open_source\\vuetify-unsplash\\src\\components\\VUnsplash.vue": {"path":"C:\\Users\\phili\\Documents\\Projects\\webdev\\open_source\\vuetify-unsplash\\src\\components\\VUnsplash.vue","statementMap":{"0":{"start":{"line":145,"column":0},"end":{"line":145,"column":null}},"1":{"start":{"line":146,"column":0},"end":{"line":146,"column":null}},"2":{"start":{"line":147,"column":0},"end":{"line":147,"column":null}},"3":{"start":{"line":148,"column":0},"end":{"line":148,"column":null}},"4":{"start":{"line":149,"column":0},"end":{"line":149,"column":null}},"5":{"start":{"line":150,"column":0},"end":{"line":150,"column":null}},"6":{"start":{"line":151,"column":0},"end":{"line":151,"column":null}},"7":{"start":{"line":152,"column":0},"end":{"line":152,"column":null}},"8":{"start":{"line":153,"column":0},"end":{"line":153,"column":null}},"9":{"start":{"line":200,"column":0},"end":{"line":200,"column":null}},"10":{"start":{"line":204,"column":0},"end":{"line":204,"column":null}},"11":{"start":{"line":209,"column":0},"end":{"line":209,"column":null}},"12":{"start":{"line":247,"column":0},"end":{"line":247,"column":null}},"13":{"start":{"line":261,"column":0},"end":{"line":263,"column":null}},"14":{"start":{"line":262,"column":0},"end":{"line":262,"column":null}},"15":{"start":{"line":267,"column":0},"end":{"line":267,"column":null}},"16":{"start":{"line":268,"column":0},"end":{"line":270,"column":null}},"17":{"start":{"line":269,"column":0},"end":{"line":269,"column":null}},"18":{"start":{"line":271,"column":0},"end":{"line":271,"column":null}},"19":{"start":{"line":274,"column":0},"end":{"line":274,"column":null}},"20":{"start":{"line":280,"column":0},"end":{"line":280,"column":null}},"21":{"start":{"line":283,"column":0},"end":{"line":283,"column":null}},"22":{"start":{"line":286,"column":0},"end":{"line":293,"column":null}},"23":{"start":{"line":287,"column":0},"end":{"line":287,"column":null}},"24":{"start":{"line":292,"column":0},"end":{"line":292,"column":null}},"25":{"start":{"line":296,"column":0},"end":{"line":296,"column":null}},"26":{"start":{"line":297,"column":0},"end":{"line":297,"column":null}},"27":{"start":{"line":302,"column":0},"end":{"line":302,"column":null}},"28":{"start":{"line":303,"column":0},"end":{"line":303,"column":null}},"29":{"start":{"line":310,"column":0},"end":{"line":310,"column":null}},"30":{"start":{"line":311,"column":0},"end":{"line":313,"column":null}},"31":{"start":{"line":312,"column":0},"end":{"line":312,"column":null}},"32":{"start":{"line":314,"column":0},"end":{"line":314,"column":null}},"33":{"start":{"line":315,"column":0},"end":{"line":315,"column":null}},"34":{"start":{"line":316,"column":0},"end":{"line":316,"column":null}},"35":{"start":{"line":317,"column":0},"end":{"line":317,"column":null}},"36":{"start":{"line":318,"column":0},"end":{"line":318,"column":null}},"37":{"start":{"line":319,"column":0},"end":{"line":319,"column":null}},"38":{"start":{"line":322,"column":0},"end":{"line":322,"column":null}},"39":{"start":{"line":325,"column":0},"end":{"line":325,"column":null}},"40":{"start":{"line":328,"column":0},"end":{"line":328,"column":null}},"41":{"start":{"line":332,"column":0},"end":{"line":332,"column":null}},"42":{"start":{"line":333,"column":0},"end":{"line":341,"column":null}},"43":{"start":{"line":334,"column":0},"end":{"line":334,"column":null}},"44":{"start":{"line":335,"column":0},"end":{"line":335,"column":null}},"45":{"start":{"line":336,"column":0},"end":{"line":340,"column":null}},"46":{"start":{"line":337,"column":0},"end":{"line":337,"column":null}},"47":{"start":{"line":342,"column":0},"end":{"line":342,"column":null}},"48":{"start":{"line":343,"column":0},"end":{"line":343,"column":null}},"49":{"start":{"line":344,"column":0},"end":{"line":383,"column":null}},"50":{"start":{"line":353,"column":0},"end":{"line":353,"column":null}},"51":{"start":{"line":360,"column":0},"end":{"line":362,"column":null}},"52":{"start":{"line":361,"column":0},"end":{"line":361,"column":null}},"53":{"start":{"line":363,"column":0},"end":{"line":365,"column":null}},"54":{"start":{"line":364,"column":0},"end":{"line":364,"column":null}},"55":{"start":{"line":366,"column":0},"end":{"line":377,"column":null}},"56":{"start":{"line":367,"column":0},"end":{"line":367,"column":null}},"57":{"start":{"line":378,"column":0},"end":{"line":378,"column":null}},"58":{"start":{"line":381,"column":0},"end":{"line":381,"column":null}},"59":{"start":{"line":382,"column":0},"end":{"line":382,"column":null}},"60":{"start":{"line":386,"column":0},"end":{"line":390,"column":null}},"61":{"start":{"line":386,"column":0},"end":{"line":386,"column":null}},"62":{"start":{"line":389,"column":0},"end":{"line":389,"column":null}},"63":{"start":{"line":393,"column":0},"end":{"line":397,"column":null}},"64":{"start":{"line":393,"column":0},"end":{"line":393,"column":null}},"65":{"start":{"line":396,"column":0},"end":{"line":396,"column":null}},"66":{"start":{"line":400,"column":0},"end":{"line":425,"column":null}},"67":{"start":{"line":401,"column":0},"end":{"line":401,"column":null}},"68":{"start":{"line":404,"column":0},"end":{"line":413,"column":null}},"69":{"start":{"line":408,"column":0},"end":{"line":408,"column":null}},"70":{"start":{"line":409,"column":0},"end":{"line":409,"column":null}},"71":{"start":{"line":410,"column":0},"end":{"line":413,"column":null}},"72":{"start":{"line":411,"column":0},"end":{"line":411,"column":null}},"73":{"start":{"line":412,"column":0},"end":{"line":412,"column":null}},"74":{"start":{"line":414,"column":0},"end":{"line":418,"column":null}},"75":{"start":{"line":414,"column":0},"end":{"line":414,"column":null}},"76":{"start":{"line":417,"column":0},"end":{"line":417,"column":null}},"77":{"start":{"line":420,"column":0},"end":{"line":424,"column":null}},"78":{"start":{"line":420,"column":0},"end":{"line":420,"column":null}},"79":{"start":{"line":423,"column":0},"end":{"line":423,"column":null}},"80":{"start":{"line":428,"column":0},"end":{"line":428,"column":null}},"81":{"start":{"line":429,"column":0},"end":{"line":431,"column":null}},"82":{"start":{"line":430,"column":0},"end":{"line":430,"column":null}},"83":{"start":{"line":432,"column":0},"end":{"line":432,"column":null}},"84":{"start":{"line":433,"column":0},"end":{"line":434,"column":null}},"85":{"start":{"line":442,"column":0},"end":{"line":442,"column":null}},"86":{"start":{"line":443,"column":0},"end":{"line":443,"column":null}},"87":{"start":{"line":446,"column":0},"end":{"line":450,"column":null}},"88":{"start":{"line":446,"column":0},"end":{"line":446,"column":null}},"89":{"start":{"line":449,"column":0},"end":{"line":449,"column":null}},"90":{"start":{"line":453,"column":0},"end":{"line":488,"column":null}},"91":{"start":{"line":455,"column":0},"end":{"line":455,"column":null}},"92":{"start":{"line":456,"column":0},"end":{"line":456,"column":null}},"93":{"start":{"line":457,"column":0},"end":{"line":457,"column":null}},"94":{"start":{"line":458,"column":0},"end":{"line":470,"column":null}},"95":{"start":{"line":458,"column":0},"end":{"line":458,"column":null}},"96":{"start":{"line":459,"column":0},"end":{"line":468,"column":null}},"97":{"start":{"line":467,"column":0},"end":{"line":467,"column":null}},"98":{"start":{"line":472,"column":0},"end":{"line":472,"column":null}},"99":{"start":{"line":473,"column":0},"end":{"line":473,"column":null}},"100":{"start":{"line":474,"column":0},"end":{"line":474,"column":null}},"101":{"start":{"line":476,"column":0},"end":{"line":476,"column":null}},"102":{"start":{"line":477,"column":0},"end":{"line":477,"column":null}},"103":{"start":{"line":478,"column":0},"end":{"line":478,"column":null}},"104":{"start":{"line":479,"column":0},"end":{"line":479,"column":null}},"105":{"start":{"line":480,"column":0},"end":{"line":484,"column":null}},"106":{"start":{"line":481,"column":0},"end":{"line":481,"column":null}},"107":{"start":{"line":485,"column":0},"end":{"line":485,"column":null}},"108":{"start":{"line":486,"column":0},"end":{"line":486,"column":null}},"109":{"start":{"line":487,"column":0},"end":{"line":487,"column":null}}},"fnMap":{"0":{"name":"(anonymous_1)","decl":{"start":{"line":200,"column":0},"end":{"line":200,"column":null}},"loc":{"start":{"line":200,"column":0},"end":{"line":200,"column":null}}},"1":{"name":"(anonymous_2)","decl":{"start":{"line":204,"column":0},"end":{"line":204,"column":null}},"loc":{"start":{"line":204,"column":0},"end":{"line":204,"column":null}}},"2":{"name":"(anonymous_3)","decl":{"start":{"line":208,"column":0},"end":{"line":208,"column":null}},"loc":{"start":{"line":208,"column":0},"end":{"line":227,"column":null}}},"3":{"name":"(anonymous_4)","decl":{"start":{"line":247,"column":0},"end":{"line":247,"column":null}},"loc":{"start":{"line":247,"column":0},"end":{"line":247,"column":null}}},"4":{"name":"(anonymous_5)","decl":{"start":{"line":260,"column":0},"end":{"line":260,"column":null}},"loc":{"start":{"line":260,"column":0},"end":{"line":264,"column":null}}},"5":{"name":"(anonymous_6)","decl":{"start":{"line":261,"column":0},"end":{"line":261,"column":null}},"loc":{"start":{"line":261,"column":0},"end":{"line":263,"column":null}}},"6":{"name":"(anonymous_7)","decl":{"start":{"line":266,"column":0},"end":{"line":266,"column":null}},"loc":{"start":{"line":266,"column":0},"end":{"line":272,"column":null}}},"7":{"name":"(anonymous_8)","decl":{"start":{"line":273,"column":0},"end":{"line":273,"column":null}},"loc":{"start":{"line":273,"column":0},"end":{"line":278,"column":null}}},"8":{"name":"(anonymous_9)","decl":{"start":{"line":279,"column":0},"end":{"line":279,"column":null}},"loc":{"start":{"line":279,"column":0},"end":{"line":281,"column":null}}},"9":{"name":"(anonymous_10)","decl":{"start":{"line":280,"column":0},"end":{"line":280,"column":null}},"loc":{"start":{"line":280,"column":0},"end":{"line":280,"column":null}}},"10":{"name":"(anonymous_11)","decl":{"start":{"line":282,"column":0},"end":{"line":282,"column":null}},"loc":{"start":{"line":282,"column":0},"end":{"line":284,"column":null}}},"11":{"name":"(anonymous_12)","decl":{"start":{"line":285,"column":0},"end":{"line":285,"column":null}},"loc":{"start":{"line":285,"column":0},"end":{"line":294,"column":null}}},"12":{"name":"(anonymous_13)","decl":{"start":{"line":295,"column":0},"end":{"line":295,"column":null}},"loc":{"start":{"line":295,"column":0},"end":{"line":300,"column":null}}},"13":{"name":"(anonymous_14)","decl":{"start":{"line":301,"column":0},"end":{"line":301,"column":null}},"loc":{"start":{"line":301,"column":0},"end":{"line":306,"column":null}}},"14":{"name":"(anonymous_15)","decl":{"start":{"line":309,"column":0},"end":{"line":309,"column":null}},"loc":{"start":{"line":309,"column":0},"end":{"line":320,"column":null}}},"15":{"name":"(anonymous_16)","decl":{"start":{"line":311,"column":0},"end":{"line":311,"column":null}},"loc":{"start":{"line":311,"column":0},"end":{"line":313,"column":null}}},"16":{"name":"(anonymous_17)","decl":{"start":{"line":321,"column":0},"end":{"line":321,"column":null}},"loc":{"start":{"line":321,"column":0},"end":{"line":323,"column":null}}},"17":{"name":"(anonymous_18)","decl":{"start":{"line":324,"column":0},"end":{"line":324,"column":null}},"loc":{"start":{"line":324,"column":0},"end":{"line":326,"column":null}}},"18":{"name":"(anonymous_19)","decl":{"start":{"line":327,"column":0},"end":{"line":327,"column":null}},"loc":{"start":{"line":327,"column":0},"end":{"line":329,"column":null}}},"19":{"name":"(anonymous_20)","decl":{"start":{"line":330,"column":0},"end":{"line":330,"column":null}},"loc":{"start":{"line":330,"column":0},"end":{"line":384,"column":null}}},"20":{"name":"(anonymous_21)","decl":{"start":{"line":332,"column":0},"end":{"line":332,"column":null}},"loc":{"start":{"line":332,"column":0},"end":{"line":332,"column":null}}},"21":{"name":"(anonymous_22)","decl":{"start":{"line":336,"column":0},"end":{"line":336,"column":null}},"loc":{"start":{"line":336,"column":0},"end":{"line":340,"column":null}}},"22":{"name":"(anonymous_23)","decl":{"start":{"line":337,"column":0},"end":{"line":337,"column":null}},"loc":{"start":{"line":337,"column":0},"end":{"line":337,"column":null}}},"23":{"name":"(anonymous_24)","decl":{"start":{"line":352,"column":0},"end":{"line":352,"column":null}},"loc":{"start":{"line":352,"column":0},"end":{"line":356,"column":null}}},"24":{"name":"(anonymous_25)","decl":{"start":{"line":347,"column":0},"end":{"line":347,"column":null}},"loc":{"start":{"line":347,"column":0},"end":{"line":379,"column":null}}},"25":{"name":"(anonymous_26)","decl":{"start":{"line":366,"column":0},"end":{"line":366,"column":null}},"loc":{"start":{"line":366,"column":0},"end":{"line":377,"column":null}}},"26":{"name":"(anonymous_27)","decl":{"start":{"line":379,"column":0},"end":{"line":379,"column":null}},"loc":{"start":{"line":379,"column":0},"end":{"line":383,"column":null}}},"27":{"name":"(anonymous_28)","decl":{"start":{"line":385,"column":0},"end":{"line":385,"column":null}},"loc":{"start":{"line":385,"column":0},"end":{"line":391,"column":null}}},"28":{"name":"(anonymous_29)","decl":{"start":{"line":386,"column":0},"end":{"line":386,"column":null}},"loc":{"start":{"line":386,"column":0},"end":{"line":386,"column":null}}},"29":{"name":"(anonymous_31)","decl":{"start":{"line":392,"column":0},"end":{"line":392,"column":null}},"loc":{"start":{"line":392,"column":0},"end":{"line":398,"column":null}}},"30":{"name":"(anonymous_32)","decl":{"start":{"line":393,"column":0},"end":{"line":393,"column":null}},"loc":{"start":{"line":393,"column":0},"end":{"line":393,"column":null}}},"31":{"name":"(anonymous_34)","decl":{"start":{"line":399,"column":0},"end":{"line":399,"column":null}},"loc":{"start":{"line":399,"column":0},"end":{"line":426,"column":null}}},"32":{"name":"(anonymous_35)","decl":{"start":{"line":401,"column":0},"end":{"line":401,"column":null}},"loc":{"start":{"line":401,"column":0},"end":{"line":401,"column":null}}},"33":{"name":"(anonymous_36)","decl":{"start":{"line":414,"column":0},"end":{"line":414,"column":null}},"loc":{"start":{"line":414,"column":0},"end":{"line":414,"column":null}}},"34":{"name":"(anonymous_38)","decl":{"start":{"line":420,"column":0},"end":{"line":420,"column":null}},"loc":{"start":{"line":420,"column":0},"end":{"line":420,"column":null}}},"35":{"name":"(anonymous_40)","decl":{"start":{"line":427,"column":0},"end":{"line":427,"column":null}},"loc":{"start":{"line":427,"column":0},"end":{"line":440,"column":null}}},"36":{"name":"(anonymous_41)","decl":{"start":{"line":429,"column":0},"end":{"line":429,"column":null}},"loc":{"start":{"line":429,"column":0},"end":{"line":431,"column":null}}},"37":{"name":"(anonymous_42)","decl":{"start":{"line":441,"column":0},"end":{"line":441,"column":null}},"loc":{"start":{"line":441,"column":0},"end":{"line":444,"column":null}}},"38":{"name":"(anonymous_43)","decl":{"start":{"line":445,"column":0},"end":{"line":445,"column":null}},"loc":{"start":{"line":445,"column":0},"end":{"line":451,"column":null}}},"39":{"name":"(anonymous_44)","decl":{"start":{"line":446,"column":0},"end":{"line":446,"column":null}},"loc":{"start":{"line":446,"column":0},"end":{"line":446,"column":null}}},"40":{"name":"(anonymous_46)","decl":{"start":{"line":452,"column":0},"end":{"line":452,"column":null}},"loc":{"start":{"line":452,"column":0},"end":{"line":489,"column":null}}},"41":{"name":"(anonymous_47)","decl":{"start":{"line":457,"column":0},"end":{"line":457,"column":null}},"loc":{"start":{"line":457,"column":0},"end":{"line":457,"column":null}}},"42":{"name":"(anonymous_48)","decl":{"start":{"line":460,"column":0},"end":{"line":460,"column":null}},"loc":{"start":{"line":460,"column":0},"end":{"line":468,"column":null}}},"43":{"name":"(anonymous_49)","decl":{"start":{"line":468,"column":0},"end":{"line":468,"column":null}},"loc":{"start":{"line":468,"column":0},"end":{"line":468,"column":null}}},"44":{"name":"(anonymous_50)","decl":{"start":{"line":479,"column":0},"end":{"line":479,"column":null}},"loc":{"start":{"line":479,"column":0},"end":{"line":479,"column":null}}},"45":{"name":"(anonymous_51)","decl":{"start":{"line":480,"column":0},"end":{"line":480,"column":null}},"loc":{"start":{"line":480,"column":0},"end":{"line":484,"column":null}}},"46":{"name":"(anonymous_52)","decl":{"start":{"line":481,"column":0},"end":{"line":481,"column":null}},"loc":{"start":{"line":481,"column":0},"end":{"line":481,"column":null}}}},"branchMap":{"0":{"loc":{"start":{"line":268,"column":0},"end":{"line":270,"column":null}},"type":"if","locations":[{"start":{"line":268,"column":0},"end":{"line":270,"column":null}},{"start":{"line":268,"column":0},"end":{"line":270,"column":null}}]},"1":{"loc":{"start":{"line":268,"column":0},"end":{"line":268,"column":null}},"type":"binary-expr","locations":[{"start":{"line":268,"column":0},"end":{"line":268,"column":null}},{"start":{"line":268,"column":0},"end":{"line":268,"column":null}}]},"2":{"loc":{"start":{"line":274,"column":0},"end":{"line":274,"column":null}},"type":"cond-expr","locations":[{"start":{"line":274,"column":0},"end":{"line":274,"column":null}},{"start":{"line":274,"column":0},"end":{"line":274,"column":null}}]},"3":{"loc":{"start":{"line":286,"column":0},"end":{"line":293,"column":null}},"type":"if","locations":[{"start":{"line":286,"column":0},"end":{"line":293,"column":null}},{"start":{"line":286,"column":0},"end":{"line":293,"column":null}}]},"4":{"loc":{"start":{"line":287,"column":0},"end":{"line":287,"column":null}},"type":"binary-expr","locations":[{"start":{"line":287,"column":0},"end":{"line":287,"column":null}},{"start":{"line":287,"column":0},"end":{"line":287,"column":null}}]},"5":{"loc":{"start":{"line":322,"column":0},"end":{"line":322,"column":null}},"type":"if","locations":[{"start":{"line":322,"column":0},"end":{"line":322,"column":null}},{"start":{"line":322,"column":0},"end":{"line":322,"column":null}}]},"6":{"loc":{"start":{"line":325,"column":0},"end":{"line":325,"column":null}},"type":"if","locations":[{"start":{"line":325,"column":0},"end":{"line":325,"column":null}},{"start":{"line":325,"column":0},"end":{"line":325,"column":null}}]},"7":{"loc":{"start":{"line":333,"column":0},"end":{"line":341,"column":null}},"type":"if","locations":[{"start":{"line":333,"column":0},"end":{"line":341,"column":null}},{"start":{"line":333,"column":0},"end":{"line":341,"column":null}}]},"8":{"loc":{"start":{"line":360,"column":0},"end":{"line":362,"column":null}},"type":"if","locations":[{"start":{"line":360,"column":0},"end":{"line":362,"column":null}},{"start":{"line":360,"column":0},"end":{"line":362,"column":null}}]},"9":{"loc":{"start":{"line":363,"column":0},"end":{"line":365,"column":null}},"type":"if","locations":[{"start":{"line":363,"column":0},"end":{"line":365,"column":null}},{"start":{"line":363,"column":0},"end":{"line":365,"column":null}}]},"10":{"loc":{"start":{"line":400,"column":0},"end":{"line":425,"column":null}},"type":"if","locations":[{"start":{"line":400,"column":0},"end":{"line":425,"column":null}},{"start":{"line":400,"column":0},"end":{"line":425,"column":null}}]},"11":{"loc":{"start":{"line":404,"column":0},"end":{"line":413,"column":null}},"type":"if","locations":[{"start":{"line":404,"column":0},"end":{"line":413,"column":null}},{"start":{"line":404,"column":0},"end":{"line":413,"column":null}}]},"12":{"loc":{"start":{"line":404,"column":0},"end":{"line":404,"column":null}},"type":"binary-expr","locations":[{"start":{"line":404,"column":0},"end":{"line":404,"column":null}},{"start":{"line":404,"column":0},"end":{"line":404,"column":null}}]},"13":{"loc":{"start":{"line":410,"column":0},"end":{"line":413,"column":null}},"type":"if","locations":[{"start":{"line":410,"column":0},"end":{"line":413,"column":null}},{"start":{"line":410,"column":0},"end":{"line":413,"column":null}}]},"14":{"loc":{"start":{"line":410,"column":0},"end":{"line":410,"column":null}},"type":"binary-expr","locations":[{"start":{"line":410,"column":0},"end":{"line":410,"column":null}},{"start":{"line":410,"column":0},"end":{"line":410,"column":null}}]},"15":{"loc":{"start":{"line":433,"column":0},"end":{"line":434,"column":null}},"type":"cond-expr","locations":[{"start":{"line":433,"column":0},"end":{"line":434,"column":null}},{"start":{"line":434,"column":0},"end":{"line":434,"column":null}}]},"16":{"loc":{"start":{"line":453,"column":0},"end":{"line":488,"column":null}},"type":"if","locations":[{"start":{"line":453,"column":0},"end":{"line":488,"column":null}},{"start":{"line":453,"column":0},"end":{"line":488,"column":null}}]}},"s":{"0":1,"1":1,"2":1,"3":1,"4":1,"5":1,"6":1,"7":1,"8":1,"9":16,"10":16,"11":16,"12":16,"13":16,"14":0,"15":30,"16":30,"17":21,"18":9,"19":18,"20":47,"21":29,"22":30,"23":2,"24":28,"25":16,"26":16,"27":16,"28":16,"29":2,"30":2,"31":0,"32":2,"33":2,"34":2,"35":2,"36":2,"37":2,"38":3,"39":3,"40":1,"41":5,"42":3,"43":3,"44":3,"45":3,"46":2,"47":3,"48":3,"49":3,"50":0,"51":2,"52":1,"53":2,"54":2,"55":2,"56":3,"57":2,"58":1,"59":1,"60":1,"61":2,"62":2,"63":1,"64":2,"65":2,"66":6,"67":14,"68":4,"69":1,"70":1,"71":3,"72":1,"73":1,"74":2,"75":5,"76":2,"77":2,"78":5,"79":2,"80":33,"81":33,"82":0,"83":33,"84":33,"85":3,"86":3,"87":1,"88":1,"89":1,"90":2,"91":1,"92":1,"93":3,"94":1,"95":1,"96":1,"97":1,"98":1,"99":1,"100":1,"101":1,"102":1,"103":1,"104":3,"105":1,"106":2,"107":1,"108":1,"109":1},"f":{"0":16,"1":16,"2":16,"3":16,"4":16,"5":0,"6":30,"7":18,"8":29,"9":18,"10":29,"11":30,"12":16,"13":16,"14":2,"15":0,"16":2,"17":2,"18":1,"19":3,"20":2,"21":1,"22":1,"23":0,"24":2,"25":3,"26":1,"27":1,"28":4,"29":1,"30":4,"31":6,"32":10,"33":7,"34":7,"35":33,"36":0,"37":3,"38":1,"39":2,"40":2,"41":2,"42":1,"43":0,"44":2,"45":1,"46":1},"b":{"0":[21,9],"1":[30,30],"2":[19,19],"3":[2,28],"4":[2,1],"5":[1,1],"6":[1,1],"7":[3,0],"8":[1,1],"9":[2,0],"10":[4,2],"11":[1,3],"12":[4,2],"13":[1,2],"14":[3,2],"15":[33,0],"16":[1,1]}}
,"C:\\Users\\phili\\Documents\\Projects\\webdev\\open_source\\vuetify-unsplash\\src\\components\\VUnsplashAppBar.vue": {"path":"C:\\Users\\phili\\Documents\\Projects\\webdev\\open_source\\vuetify-unsplash\\src\\components\\VUnsplashAppBar.vue","statementMap":{"0":{"start":{"line":60,"column":0},"end":{"line":60,"column":null}},"1":{"start":{"line":63,"column":0},"end":{"line":63,"column":null}}},"fnMap":{"0":{"name":"(anonymous_1)","decl":{"start":{"line":59,"column":0},"end":{"line":59,"column":null}},"loc":{"start":{"line":59,"column":0},"end":{"line":61,"column":null}}},"1":{"name":"(anonymous_2)","decl":{"start":{"line":62,"column":0},"end":{"line":62,"column":null}},"loc":{"start":{"line":62,"column":0},"end":{"line":64,"column":null}}}},"branchMap":{},"s":{"0":1,"1":1},"f":{"0":1,"1":1},"b":{}}
,"C:\\Users\\phili\\Documents\\Projects\\webdev\\open_source\\vuetify-unsplash\\src\\components\\VUnsplashBlockSaveBtn.vue": {"path":"C:\\Users\\phili\\Documents\\Projects\\webdev\\open_source\\vuetify-unsplash\\src\\components\\VUnsplashBlockSaveBtn.vue","statementMap":{"0":{"start":{"line":52,"column":0},"end":{"line":52,"column":null}}},"fnMap":{"0":{"name":"(anonymous_1)","decl":{"start":{"line":51,"column":0},"end":{"line":51,"column":null}},"loc":{"start":{"line":51,"column":0},"end":{"line":53,"column":null}}}},"branchMap":{},"s":{"0":1},"f":{"0":1},"b":{}}
,"C:\\Users\\phili\\Documents\\Projects\\webdev\\open_source\\vuetify-unsplash\\src\\components\\VUnsplashDataIteratorFooter.vue": {"path":"C:\\Users\\phili\\Documents\\Projects\\webdev\\open_source\\vuetify-unsplash\\src\\components\\VUnsplashDataIteratorFooter.vue","statementMap":{"0":{"start":{"line":105,"column":0},"end":{"line":105,"column":null}},"1":{"start":{"line":111,"column":0},"end":{"line":111,"column":null}},"2":{"start":{"line":114,"column":0},"end":{"line":114,"column":null}},"3":{"start":{"line":117,"column":0},"end":{"line":117,"column":null}}},"fnMap":{"0":{"name":"(anonymous_1)","decl":{"start":{"line":104,"column":0},"end":{"line":104,"column":null}},"loc":{"start":{"line":104,"column":0},"end":{"line":108,"column":null}}},"1":{"name":"(anonymous_2)","decl":{"start":{"line":110,"column":0},"end":{"line":110,"column":null}},"loc":{"start":{"line":110,"column":0},"end":{"line":112,"column":null}}},"2":{"name":"(anonymous_3)","decl":{"start":{"line":113,"column":0},"end":{"line":113,"column":null}},"loc":{"start":{"line":113,"column":0},"end":{"line":115,"column":null}}},"3":{"name":"(anonymous_4)","decl":{"start":{"line":116,"column":0},"end":{"line":116,"column":null}},"loc":{"start":{"line":116,"column":0},"end":{"line":118,"column":null}}}},"branchMap":{},"s":{"0":20,"1":1,"2":1,"3":1},"f":{"0":20,"1":1,"2":1,"3":1},"b":{}}
,"C:\\Users\\phili\\Documents\\Projects\\webdev\\open_source\\vuetify-unsplash\\src\\components\\VUnsplashDataIteratorSearchBar.vue": {"path":"C:\\Users\\phili\\Documents\\Projects\\webdev\\open_source\\vuetify-unsplash\\src\\components\\VUnsplashDataIteratorSearchBar.vue","statementMap":{"0":{"start":{"line":68,"column":0},"end":{"line":68,"column":null}},"1":{"start":{"line":73,"column":0},"end":{"line":73,"column":null}},"2":{"start":{"line":77,"column":0},"end":{"line":77,"column":null}},"3":{"start":{"line":80,"column":0},"end":{"line":80,"column":null}}},"fnMap":{"0":{"name":"(anonymous_1)","decl":{"start":{"line":67,"column":0},"end":{"line":67,"column":null}},"loc":{"start":{"line":67,"column":0},"end":{"line":71,"column":null}}},"1":{"name":"(anonymous_2)","decl":{"start":{"line":72,"column":0},"end":{"line":72,"column":null}},"loc":{"start":{"line":72,"column":0},"end":{"line":74,"column":null}}},"2":{"name":"(anonymous_3)","decl":{"start":{"line":76,"column":0},"end":{"line":76,"column":null}},"loc":{"start":{"line":76,"column":0},"end":{"line":78,"column":null}}},"3":{"name":"(anonymous_4)","decl":{"start":{"line":79,"column":0},"end":{"line":79,"column":null}},"loc":{"start":{"line":79,"column":0},"end":{"line":81,"column":null}}}},"branchMap":{},"s":{"0":19,"1":1,"2":1,"3":1},"f":{"0":19,"1":1,"2":1,"3":1},"b":{}}
,"C:\\Users\\phili\\Documents\\Projects\\webdev\\open_source\\vuetify-unsplash\\src\\components\\VUnsplashDataIteratorSelectionHeader.vue": {"path":"C:\\Users\\phili\\Documents\\Projects\\webdev\\open_source\\vuetify-unsplash\\src\\components\\VUnsplashDataIteratorSelectionHeader.vue","statementMap":{"0":{"start":{"line":114,"column":0},"end":{"line":114,"column":null}},"1":{"start":{"line":117,"column":0},"end":{"line":117,"column":null}},"2":{"start":{"line":120,"column":0},"end":{"line":120,"column":null}}},"fnMap":{"0":{"name":"(anonymous_1)","decl":{"start":{"line":113,"column":0},"end":{"line":113,"column":null}},"loc":{"start":{"line":113,"column":0},"end":{"line":115,"column":null}}},"1":{"name":"(anonymous_2)","decl":{"start":{"line":116,"column":0},"end":{"line":116,"column":null}},"loc":{"start":{"line":116,"column":0},"end":{"line":118,"column":null}}},"2":{"name":"(anonymous_3)","decl":{"start":{"line":119,"column":0},"end":{"line":119,"column":null}},"loc":{"start":{"line":119,"column":0},"end":{"line":121,"column":null}}}},"branchMap":{},"s":{"0":1,"1":1,"2":1},"f":{"0":1,"1":1,"2":1},"b":{}}
,"C:\\Users\\phili\\Documents\\Projects\\webdev\\open_source\\vuetify-unsplash\\src\\components\\VUnsplashImageStack.vue": {"path":"C:\\Users\\phili\\Documents\\Projects\\webdev\\open_source\\vuetify-unsplash\\src\\components\\VUnsplashImageStack.vue","statementMap":{"0":{"start":{"line":76,"column":0},"end":{"line":76,"column":null}},"1":{"start":{"line":103,"column":0},"end":{"line":103,"column":null}}},"fnMap":{"0":{"name":"(anonymous_1)","decl":{"start":{"line":102,"column":0},"end":{"line":102,"column":null}},"loc":{"start":{"line":102,"column":0},"end":{"line":104,"column":null}}}},"branchMap":{},"s":{"0":2,"1":1},"f":{"0":1},"b":{}}
}
