{"C:\\Users\\phili\\Documents\\Projects\\webdev\\open_source\\vuetify-unsplash\\src\\components\\VUnsplash.vue": {"path":"C:\\Users\\phili\\Documents\\Projects\\webdev\\open_source\\vuetify-unsplash\\src\\components\\VUnsplash.vue","statementMap":{"0":{"start":{"line":288,"column":0},"end":{"line":288,"column":null}},"1":{"start":{"line":289,"column":0},"end":{"line":289,"column":null}},"2":{"start":{"line":290,"column":0},"end":{"line":290,"column":null}},"3":{"start":{"line":291,"column":0},"end":{"line":291,"column":null}},"4":{"start":{"line":292,"column":0},"end":{"line":292,"column":null}},"5":{"start":{"line":293,"column":0},"end":{"line":293,"column":null}},"6":{"start":{"line":294,"column":0},"end":{"line":294,"column":null}},"7":{"start":{"line":295,"column":0},"end":{"line":295,"column":null}},"8":{"start":{"line":296,"column":0},"end":{"line":296,"column":null}},"9":{"start":{"line":297,"column":0},"end":{"line":297,"column":null}},"10":{"start":{"line":347,"column":0},"end":{"line":347,"column":null}},"11":{"start":{"line":351,"column":0},"end":{"line":351,"column":null}},"12":{"start":{"line":356,"column":0},"end":{"line":356,"column":null}},"13":{"start":{"line":394,"column":0},"end":{"line":394,"column":null}},"14":{"start":{"line":408,"column":0},"end":{"line":410,"column":null}},"15":{"start":{"line":409,"column":0},"end":{"line":409,"column":null}},"16":{"start":{"line":414,"column":0},"end":{"line":414,"column":null}},"17":{"start":{"line":415,"column":0},"end":{"line":417,"column":null}},"18":{"start":{"line":416,"column":0},"end":{"line":416,"column":null}},"19":{"start":{"line":418,"column":0},"end":{"line":418,"column":null}},"20":{"start":{"line":421,"column":0},"end":{"line":421,"column":null}},"21":{"start":{"line":427,"column":0},"end":{"line":427,"column":null}},"22":{"start":{"line":430,"column":0},"end":{"line":430,"column":null}},"23":{"start":{"line":433,"column":0},"end":{"line":440,"column":null}},"24":{"start":{"line":434,"column":0},"end":{"line":434,"column":null}},"25":{"start":{"line":439,"column":0},"end":{"line":439,"column":null}},"26":{"start":{"line":443,"column":0},"end":{"line":443,"column":null}},"27":{"start":{"line":444,"column":0},"end":{"line":444,"column":null}},"28":{"start":{"line":449,"column":0},"end":{"line":449,"column":null}},"29":{"start":{"line":450,"column":0},"end":{"line":450,"column":null}},"30":{"start":{"line":457,"column":0},"end":{"line":457,"column":null}},"31":{"start":{"line":458,"column":0},"end":{"line":460,"column":null}},"32":{"start":{"line":459,"column":0},"end":{"line":459,"column":null}},"33":{"start":{"line":461,"column":0},"end":{"line":461,"column":null}},"34":{"start":{"line":462,"column":0},"end":{"line":462,"column":null}},"35":{"start":{"line":463,"column":0},"end":{"line":463,"column":null}},"36":{"start":{"line":464,"column":0},"end":{"line":464,"column":null}},"37":{"start":{"line":465,"column":0},"end":{"line":465,"column":null}},"38":{"start":{"line":466,"column":0},"end":{"line":466,"column":null}},"39":{"start":{"line":469,"column":0},"end":{"line":469,"column":null}},"40":{"start":{"line":472,"column":0},"end":{"line":472,"column":null}},"41":{"start":{"line":475,"column":0},"end":{"line":475,"column":null}},"42":{"start":{"line":479,"column":0},"end":{"line":479,"column":null}},"43":{"start":{"line":480,"column":0},"end":{"line":488,"column":null}},"44":{"start":{"line":481,"column":0},"end":{"line":481,"column":null}},"45":{"start":{"line":482,"column":0},"end":{"line":482,"column":null}},"46":{"start":{"line":483,"column":0},"end":{"line":487,"column":null}},"47":{"start":{"line":484,"column":0},"end":{"line":484,"column":null}},"48":{"start":{"line":489,"column":0},"end":{"line":489,"column":null}},"49":{"start":{"line":490,"column":0},"end":{"line":490,"column":null}},"50":{"start":{"line":491,"column":0},"end":{"line":530,"column":null}},"51":{"start":{"line":500,"column":0},"end":{"line":500,"column":null}},"52":{"start":{"line":507,"column":0},"end":{"line":509,"column":null}},"53":{"start":{"line":508,"column":0},"end":{"line":508,"column":null}},"54":{"start":{"line":510,"column":0},"end":{"line":512,"column":null}},"55":{"start":{"line":511,"column":0},"end":{"line":511,"column":null}},"56":{"start":{"line":513,"column":0},"end":{"line":524,"column":null}},"57":{"start":{"line":514,"column":0},"end":{"line":514,"column":null}},"58":{"start":{"line":525,"column":0},"end":{"line":525,"column":null}},"59":{"start":{"line":528,"column":0},"end":{"line":528,"column":null}},"60":{"start":{"line":529,"column":0},"end":{"line":529,"column":null}},"61":{"start":{"line":533,"column":0},"end":{"line":537,"column":null}},"62":{"start":{"line":533,"column":0},"end":{"line":533,"column":null}},"63":{"start":{"line":536,"column":0},"end":{"line":536,"column":null}},"64":{"start":{"line":540,"column":0},"end":{"line":544,"column":null}},"65":{"start":{"line":540,"column":0},"end":{"line":540,"column":null}},"66":{"start":{"line":543,"column":0},"end":{"line":543,"column":null}},"67":{"start":{"line":547,"column":0},"end":{"line":572,"column":null}},"68":{"start":{"line":548,"column":0},"end":{"line":548,"column":null}},"69":{"start":{"line":551,"column":0},"end":{"line":560,"column":null}},"70":{"start":{"line":555,"column":0},"end":{"line":555,"column":null}},"71":{"start":{"line":556,"column":0},"end":{"line":556,"column":null}},"72":{"start":{"line":557,"column":0},"end":{"line":560,"column":null}},"73":{"start":{"line":558,"column":0},"end":{"line":558,"column":null}},"74":{"start":{"line":559,"column":0},"end":{"line":559,"column":null}},"75":{"start":{"line":561,"column":0},"end":{"line":565,"column":null}},"76":{"start":{"line":561,"column":0},"end":{"line":561,"column":null}},"77":{"start":{"line":564,"column":0},"end":{"line":564,"column":null}},"78":{"start":{"line":567,"column":0},"end":{"line":571,"column":null}},"79":{"start":{"line":567,"column":0},"end":{"line":567,"column":null}},"80":{"start":{"line":570,"column":0},"end":{"line":570,"column":null}},"81":{"start":{"line":575,"column":0},"end":{"line":575,"column":null}},"82":{"start":{"line":576,"column":0},"end":{"line":578,"column":null}},"83":{"start":{"line":577,"column":0},"end":{"line":577,"column":null}},"84":{"start":{"line":579,"column":0},"end":{"line":579,"column":null}},"85":{"start":{"line":580,"column":0},"end":{"line":581,"column":null}},"86":{"start":{"line":589,"column":0},"end":{"line":589,"column":null}},"87":{"start":{"line":590,"column":0},"end":{"line":590,"column":null}},"88":{"start":{"line":593,"column":0},"end":{"line":597,"column":null}},"89":{"start":{"line":593,"column":0},"end":{"line":593,"column":null}},"90":{"start":{"line":596,"column":0},"end":{"line":596,"column":null}},"91":{"start":{"line":600,"column":0},"end":{"line":635,"column":null}},"92":{"start":{"line":602,"column":0},"end":{"line":602,"column":null}},"93":{"start":{"line":603,"column":0},"end":{"line":603,"column":null}},"94":{"start":{"line":604,"column":0},"end":{"line":604,"column":null}},"95":{"start":{"line":605,"column":0},"end":{"line":617,"column":null}},"96":{"start":{"line":605,"column":0},"end":{"line":605,"column":null}},"97":{"start":{"line":606,"column":0},"end":{"line":615,"column":null}},"98":{"start":{"line":614,"column":0},"end":{"line":614,"column":null}},"99":{"start":{"line":619,"column":0},"end":{"line":619,"column":null}},"100":{"start":{"line":620,"column":0},"end":{"line":620,"column":null}},"101":{"start":{"line":621,"column":0},"end":{"line":621,"column":null}},"102":{"start":{"line":623,"column":0},"end":{"line":623,"column":null}},"103":{"start":{"line":624,"column":0},"end":{"line":624,"column":null}},"104":{"start":{"line":625,"column":0},"end":{"line":625,"column":null}},"105":{"start":{"line":626,"column":0},"end":{"line":626,"column":null}},"106":{"start":{"line":627,"column":0},"end":{"line":631,"column":null}},"107":{"start":{"line":628,"column":0},"end":{"line":628,"column":null}},"108":{"start":{"line":632,"column":0},"end":{"line":632,"column":null}},"109":{"start":{"line":633,"column":0},"end":{"line":633,"column":null}},"110":{"start":{"line":634,"column":0},"end":{"line":634,"column":null}}},"fnMap":{"0":{"name":"(anonymous_1)","decl":{"start":{"line":347,"column":0},"end":{"line":347,"column":null}},"loc":{"start":{"line":347,"column":0},"end":{"line":347,"column":null}}},"1":{"name":"(anonymous_2)","decl":{"start":{"line":351,"column":0},"end":{"line":351,"column":null}},"loc":{"start":{"line":351,"column":0},"end":{"line":351,"column":null}}},"2":{"name":"(anonymous_3)","decl":{"start":{"line":355,"column":0},"end":{"line":355,"column":null}},"loc":{"start":{"line":355,"column":0},"end":{"line":374,"column":null}}},"3":{"name":"(anonymous_4)","decl":{"start":{"line":394,"column":0},"end":{"line":394,"column":null}},"loc":{"start":{"line":394,"column":0},"end":{"line":394,"column":null}}},"4":{"name":"(anonymous_5)","decl":{"start":{"line":407,"column":0},"end":{"line":407,"column":null}},"loc":{"start":{"line":407,"column":0},"end":{"line":411,"column":null}}},"5":{"name":"(anonymous_6)","decl":{"start":{"line":408,"column":0},"end":{"line":408,"column":null}},"loc":{"start":{"line":408,"column":0},"end":{"line":410,"column":null}}},"6":{"name":"(anonymous_7)","decl":{"start":{"line":413,"column":0},"end":{"line":413,"column":null}},"loc":{"start":{"line":413,"column":0},"end":{"line":419,"column":null}}},"7":{"name":"(anonymous_8)","decl":{"start":{"line":420,"column":0},"end":{"line":420,"column":null}},"loc":{"start":{"line":420,"column":0},"end":{"line":425,"column":null}}},"8":{"name":"(anonymous_9)","decl":{"start":{"line":426,"column":0},"end":{"line":426,"column":null}},"loc":{"start":{"line":426,"column":0},"end":{"line":428,"column":null}}},"9":{"name":"(anonymous_10)","decl":{"start":{"line":427,"column":0},"end":{"line":427,"column":null}},"loc":{"start":{"line":427,"column":0},"end":{"line":427,"column":null}}},"10":{"name":"(anonymous_11)","decl":{"start":{"line":429,"column":0},"end":{"line":429,"column":null}},"loc":{"start":{"line":429,"column":0},"end":{"line":431,"column":null}}},"11":{"name":"(anonymous_12)","decl":{"start":{"line":432,"column":0},"end":{"line":432,"column":null}},"loc":{"start":{"line":432,"column":0},"end":{"line":441,"column":null}}},"12":{"name":"(anonymous_13)","decl":{"start":{"line":442,"column":0},"end":{"line":442,"column":null}},"loc":{"start":{"line":442,"column":0},"end":{"line":447,"column":null}}},"13":{"name":"(anonymous_14)","decl":{"start":{"line":448,"column":0},"end":{"line":448,"column":null}},"loc":{"start":{"line":448,"column":0},"end":{"line":453,"column":null}}},"14":{"name":"(anonymous_15)","decl":{"start":{"line":456,"column":0},"end":{"line":456,"column":null}},"loc":{"start":{"line":456,"column":0},"end":{"line":467,"column":null}}},"15":{"name":"(anonymous_16)","decl":{"start":{"line":458,"column":0},"end":{"line":458,"column":null}},"loc":{"start":{"line":458,"column":0},"end":{"line":460,"column":null}}},"16":{"name":"(anonymous_17)","decl":{"start":{"line":468,"column":0},"end":{"line":468,"column":null}},"loc":{"start":{"line":468,"column":0},"end":{"line":470,"column":null}}},"17":{"name":"(anonymous_18)","decl":{"start":{"line":471,"column":0},"end":{"line":471,"column":null}},"loc":{"start":{"line":471,"column":0},"end":{"line":473,"column":null}}},"18":{"name":"(anonymous_19)","decl":{"start":{"line":474,"column":0},"end":{"line":474,"column":null}},"loc":{"start":{"line":474,"column":0},"end":{"line":476,"column":null}}},"19":{"name":"(anonymous_20)","decl":{"start":{"line":477,"column":0},"end":{"line":477,"column":null}},"loc":{"start":{"line":477,"column":0},"end":{"line":531,"column":null}}},"20":{"name":"(anonymous_21)","decl":{"start":{"line":479,"column":0},"end":{"line":479,"column":null}},"loc":{"start":{"line":479,"column":0},"end":{"line":479,"column":null}}},"21":{"name":"(anonymous_22)","decl":{"start":{"line":483,"column":0},"end":{"line":483,"column":null}},"loc":{"start":{"line":483,"column":0},"end":{"line":487,"column":null}}},"22":{"name":"(anonymous_23)","decl":{"start":{"line":484,"column":0},"end":{"line":484,"column":null}},"loc":{"start":{"line":484,"column":0},"end":{"line":484,"column":null}}},"23":{"name":"(anonymous_24)","decl":{"start":{"line":499,"column":0},"end":{"line":499,"column":null}},"loc":{"start":{"line":499,"column":0},"end":{"line":503,"column":null}}},"24":{"name":"(anonymous_25)","decl":{"start":{"line":494,"column":0},"end":{"line":494,"column":null}},"loc":{"start":{"line":494,"column":0},"end":{"line":526,"column":null}}},"25":{"name":"(anonymous_26)","decl":{"start":{"line":513,"column":0},"end":{"line":513,"column":null}},"loc":{"start":{"line":513,"column":0},"end":{"line":524,"column":null}}},"26":{"name":"(anonymous_27)","decl":{"start":{"line":526,"column":0},"end":{"line":526,"column":null}},"loc":{"start":{"line":526,"column":0},"end":{"line":530,"column":null}}},"27":{"name":"(anonymous_28)","decl":{"start":{"line":532,"column":0},"end":{"line":532,"column":null}},"loc":{"start":{"line":532,"column":0},"end":{"line":538,"column":null}}},"28":{"name":"(anonymous_29)","decl":{"start":{"line":533,"column":0},"end":{"line":533,"column":null}},"loc":{"start":{"line":533,"column":0},"end":{"line":533,"column":null}}},"29":{"name":"(anonymous_31)","decl":{"start":{"line":539,"column":0},"end":{"line":539,"column":null}},"loc":{"start":{"line":539,"column":0},"end":{"line":545,"column":null}}},"30":{"name":"(anonymous_32)","decl":{"start":{"line":540,"column":0},"end":{"line":540,"column":null}},"loc":{"start":{"line":540,"column":0},"end":{"line":540,"column":null}}},"31":{"name":"(anonymous_34)","decl":{"start":{"line":546,"column":0},"end":{"line":546,"column":null}},"loc":{"start":{"line":546,"column":0},"end":{"line":573,"column":null}}},"32":{"name":"(anonymous_35)","decl":{"start":{"line":548,"column":0},"end":{"line":548,"column":null}},"loc":{"start":{"line":548,"column":0},"end":{"line":548,"column":null}}},"33":{"name":"(anonymous_36)","decl":{"start":{"line":561,"column":0},"end":{"line":561,"column":null}},"loc":{"start":{"line":561,"column":0},"end":{"line":561,"column":null}}},"34":{"name":"(anonymous_38)","decl":{"start":{"line":567,"column":0},"end":{"line":567,"column":null}},"loc":{"start":{"line":567,"column":0},"end":{"line":567,"column":null}}},"35":{"name":"(anonymous_40)","decl":{"start":{"line":574,"column":0},"end":{"line":574,"column":null}},"loc":{"start":{"line":574,"column":0},"end":{"line":587,"column":null}}},"36":{"name":"(anonymous_41)","decl":{"start":{"line":576,"column":0},"end":{"line":576,"column":null}},"loc":{"start":{"line":576,"column":0},"end":{"line":578,"column":null}}},"37":{"name":"(anonymous_42)","decl":{"start":{"line":588,"column":0},"end":{"line":588,"column":null}},"loc":{"start":{"line":588,"column":0},"end":{"line":591,"column":null}}},"38":{"name":"(anonymous_43)","decl":{"start":{"line":592,"column":0},"end":{"line":592,"column":null}},"loc":{"start":{"line":592,"column":0},"end":{"line":598,"column":null}}},"39":{"name":"(anonymous_44)","decl":{"start":{"line":593,"column":0},"end":{"line":593,"column":null}},"loc":{"start":{"line":593,"column":0},"end":{"line":593,"column":null}}},"40":{"name":"(anonymous_46)","decl":{"start":{"line":599,"column":0},"end":{"line":599,"column":null}},"loc":{"start":{"line":599,"column":0},"end":{"line":636,"column":null}}},"41":{"name":"(anonymous_47)","decl":{"start":{"line":604,"column":0},"end":{"line":604,"column":null}},"loc":{"start":{"line":604,"column":0},"end":{"line":604,"column":null}}},"42":{"name":"(anonymous_48)","decl":{"start":{"line":607,"column":0},"end":{"line":607,"column":null}},"loc":{"start":{"line":607,"column":0},"end":{"line":615,"column":null}}},"43":{"name":"(anonymous_49)","decl":{"start":{"line":615,"column":0},"end":{"line":615,"column":null}},"loc":{"start":{"line":615,"column":0},"end":{"line":615,"column":null}}},"44":{"name":"(anonymous_50)","decl":{"start":{"line":626,"column":0},"end":{"line":626,"column":null}},"loc":{"start":{"line":626,"column":0},"end":{"line":626,"column":null}}},"45":{"name":"(anonymous_51)","decl":{"start":{"line":627,"column":0},"end":{"line":627,"column":null}},"loc":{"start":{"line":627,"column":0},"end":{"line":631,"column":null}}},"46":{"name":"(anonymous_52)","decl":{"start":{"line":628,"column":0},"end":{"line":628,"column":null}},"loc":{"start":{"line":628,"column":0},"end":{"line":628,"column":null}}}},"branchMap":{"0":{"loc":{"start":{"line":415,"column":0},"end":{"line":417,"column":null}},"type":"if","locations":[{"start":{"line":415,"column":0},"end":{"line":417,"column":null}},{"start":{"line":415,"column":0},"end":{"line":417,"column":null}}]},"1":{"loc":{"start":{"line":415,"column":0},"end":{"line":415,"column":null}},"type":"binary-expr","locations":[{"start":{"line":415,"column":0},"end":{"line":415,"column":null}},{"start":{"line":415,"column":0},"end":{"line":415,"column":null}}]},"2":{"loc":{"start":{"line":421,"column":0},"end":{"line":421,"column":null}},"type":"cond-expr","locations":[{"start":{"line":421,"column":0},"end":{"line":421,"column":null}},{"start":{"line":421,"column":0},"end":{"line":421,"column":null}}]},"3":{"loc":{"start":{"line":433,"column":0},"end":{"line":440,"column":null}},"type":"if","locations":[{"start":{"line":433,"column":0},"end":{"line":440,"column":null}},{"start":{"line":433,"column":0},"end":{"line":440,"column":null}}]},"4":{"loc":{"start":{"line":434,"column":0},"end":{"line":434,"column":null}},"type":"binary-expr","locations":[{"start":{"line":434,"column":0},"end":{"line":434,"column":null}},{"start":{"line":434,"column":0},"end":{"line":434,"column":null}}]},"5":{"loc":{"start":{"line":469,"column":0},"end":{"line":469,"column":null}},"type":"if","locations":[{"start":{"line":469,"column":0},"end":{"line":469,"column":null}},{"start":{"line":469,"column":0},"end":{"line":469,"column":null}}]},"6":{"loc":{"start":{"line":472,"column":0},"end":{"line":472,"column":null}},"type":"if","locations":[{"start":{"line":472,"column":0},"end":{"line":472,"column":null}},{"start":{"line":472,"column":0},"end":{"line":472,"column":null}}]},"7":{"loc":{"start":{"line":480,"column":0},"end":{"line":488,"column":null}},"type":"if","locations":[{"start":{"line":480,"column":0},"end":{"line":488,"column":null}},{"start":{"line":480,"column":0},"end":{"line":488,"column":null}}]},"8":{"loc":{"start":{"line":507,"column":0},"end":{"line":509,"column":null}},"type":"if","locations":[{"start":{"line":507,"column":0},"end":{"line":509,"column":null}},{"start":{"line":507,"column":0},"end":{"line":509,"column":null}}]},"9":{"loc":{"start":{"line":510,"column":0},"end":{"line":512,"column":null}},"type":"if","locations":[{"start":{"line":510,"column":0},"end":{"line":512,"column":null}},{"start":{"line":510,"column":0},"end":{"line":512,"column":null}}]},"10":{"loc":{"start":{"line":547,"column":0},"end":{"line":572,"column":null}},"type":"if","locations":[{"start":{"line":547,"column":0},"end":{"line":572,"column":null}},{"start":{"line":547,"column":0},"end":{"line":572,"column":null}}]},"11":{"loc":{"start":{"line":551,"column":0},"end":{"line":560,"column":null}},"type":"if","locations":[{"start":{"line":551,"column":0},"end":{"line":560,"column":null}},{"start":{"line":551,"column":0},"end":{"line":560,"column":null}}]},"12":{"loc":{"start":{"line":551,"column":0},"end":{"line":551,"column":null}},"type":"binary-expr","locations":[{"start":{"line":551,"column":0},"end":{"line":551,"column":null}},{"start":{"line":551,"column":0},"end":{"line":551,"column":null}}]},"13":{"loc":{"start":{"line":557,"column":0},"end":{"line":560,"column":null}},"type":"if","locations":[{"start":{"line":557,"column":0},"end":{"line":560,"column":null}},{"start":{"line":557,"column":0},"end":{"line":560,"column":null}}]},"14":{"loc":{"start":{"line":557,"column":0},"end":{"line":557,"column":null}},"type":"binary-expr","locations":[{"start":{"line":557,"column":0},"end":{"line":557,"column":null}},{"start":{"line":557,"column":0},"end":{"line":557,"column":null}}]},"15":{"loc":{"start":{"line":580,"column":0},"end":{"line":581,"column":null}},"type":"cond-expr","locations":[{"start":{"line":580,"column":0},"end":{"line":581,"column":null}},{"start":{"line":581,"column":0},"end":{"line":581,"column":null}}]},"16":{"loc":{"start":{"line":600,"column":0},"end":{"line":635,"column":null}},"type":"if","locations":[{"start":{"line":600,"column":0},"end":{"line":635,"column":null}},{"start":{"line":600,"column":0},"end":{"line":635,"column":null}}]}},"s":{"0":1,"1":1,"2":1,"3":1,"4":1,"5":1,"6":1,"7":1,"8":1,"9":1,"10":16,"11":16,"12":16,"13":16,"14":16,"15":0,"16":30,"17":30,"18":21,"19":9,"20":18,"21":47,"22":29,"23":30,"24":2,"25":28,"26":16,"27":16,"28":16,"29":16,"30":2,"31":2,"32":0,"33":2,"34":2,"35":2,"36":2,"37":2,"38":2,"39":3,"40":3,"41":1,"42":5,"43":3,"44":3,"45":3,"46":3,"47":2,"48":3,"49":3,"50":3,"51":0,"52":2,"53":1,"54":2,"55":2,"56":2,"57":3,"58":2,"59":1,"60":1,"61":1,"62":2,"63":2,"64":1,"65":2,"66":2,"67":6,"68":14,"69":4,"70":1,"71":1,"72":3,"73":1,"74":1,"75":2,"76":5,"77":2,"78":2,"79":5,"80":2,"81":33,"82":33,"83":0,"84":33,"85":33,"86":3,"87":3,"88":1,"89":1,"90":1,"91":2,"92":1,"93":1,"94":3,"95":1,"96":1,"97":1,"98":1,"99":1,"100":1,"101":1,"102":1,"103":1,"104":1,"105":3,"106":1,"107":2,"108":1,"109":1,"110":1},"f":{"0":16,"1":16,"2":16,"3":16,"4":16,"5":0,"6":30,"7":18,"8":29,"9":18,"10":29,"11":30,"12":16,"13":16,"14":2,"15":0,"16":2,"17":2,"18":1,"19":3,"20":2,"21":1,"22":1,"23":0,"24":2,"25":3,"26":1,"27":1,"28":4,"29":1,"30":4,"31":6,"32":10,"33":7,"34":7,"35":33,"36":0,"37":3,"38":1,"39":2,"40":2,"41":2,"42":1,"43":0,"44":2,"45":1,"46":1},"b":{"0":[21,9],"1":[30,30],"2":[19,19],"3":[2,28],"4":[2,1],"5":[1,1],"6":[1,1],"7":[3,0],"8":[1,1],"9":[2,0],"10":[4,2],"11":[1,3],"12":[4,2],"13":[1,2],"14":[3,2],"15":[33,0],"16":[1,1]}}
,"C:\\Users\\phili\\Documents\\Projects\\webdev\\open_source\\vuetify-unsplash\\src\\components\\VUnsplashAppBar.vue": {"path":"C:\\Users\\phili\\Documents\\Projects\\webdev\\open_source\\vuetify-unsplash\\src\\components\\VUnsplashAppBar.vue","statementMap":{"0":{"start":{"line":60,"column":0},"end":{"line":60,"column":null}},"1":{"start":{"line":63,"column":0},"end":{"line":63,"column":null}}},"fnMap":{"0":{"name":"(anonymous_1)","decl":{"start":{"line":59,"column":0},"end":{"line":59,"column":null}},"loc":{"start":{"line":59,"column":0},"end":{"line":61,"column":null}}},"1":{"name":"(anonymous_2)","decl":{"start":{"line":62,"column":0},"end":{"line":62,"column":null}},"loc":{"start":{"line":62,"column":0},"end":{"line":64,"column":null}}}},"branchMap":{},"s":{"0":1,"1":1},"f":{"0":1,"1":1},"b":{}}
,"C:\\Users\\phili\\Documents\\Projects\\webdev\\open_source\\vuetify-unsplash\\src\\components\\VUnsplashBlockSaveBtn.vue": {"path":"C:\\Users\\phili\\Documents\\Projects\\webdev\\open_source\\vuetify-unsplash\\src\\components\\VUnsplashBlockSaveBtn.vue","statementMap":{"0":{"start":{"line":52,"column":0},"end":{"line":52,"column":null}}},"fnMap":{"0":{"name":"(anonymous_1)","decl":{"start":{"line":51,"column":0},"end":{"line":51,"column":null}},"loc":{"start":{"line":51,"column":0},"end":{"line":53,"column":null}}}},"branchMap":{},"s":{"0":1},"f":{"0":1},"b":{}}
,"C:\\Users\\phili\\Documents\\Projects\\webdev\\open_source\\vuetify-unsplash\\src\\components\\VUnsplashDataIteratorFooter.vue": {"path":"C:\\Users\\phili\\Documents\\Projects\\webdev\\open_source\\vuetify-unsplash\\src\\components\\VUnsplashDataIteratorFooter.vue","statementMap":{"0":{"start":{"line":105,"column":0},"end":{"line":105,"column":null}},"1":{"start":{"line":111,"column":0},"end":{"line":111,"column":null}},"2":{"start":{"line":114,"column":0},"end":{"line":114,"column":null}},"3":{"start":{"line":117,"column":0},"end":{"line":117,"column":null}}},"fnMap":{"0":{"name":"(anonymous_1)","decl":{"start":{"line":104,"column":0},"end":{"line":104,"column":null}},"loc":{"start":{"line":104,"column":0},"end":{"line":108,"column":null}}},"1":{"name":"(anonymous_2)","decl":{"start":{"line":110,"column":0},"end":{"line":110,"column":null}},"loc":{"start":{"line":110,"column":0},"end":{"line":112,"column":null}}},"2":{"name":"(anonymous_3)","decl":{"start":{"line":113,"column":0},"end":{"line":113,"column":null}},"loc":{"start":{"line":113,"column":0},"end":{"line":115,"column":null}}},"3":{"name":"(anonymous_4)","decl":{"start":{"line":116,"column":0},"end":{"line":116,"column":null}},"loc":{"start":{"line":116,"column":0},"end":{"line":118,"column":null}}}},"branchMap":{},"s":{"0":20,"1":1,"2":1,"3":1},"f":{"0":20,"1":1,"2":1,"3":1},"b":{}}
,"C:\\Users\\phili\\Documents\\Projects\\webdev\\open_source\\vuetify-unsplash\\src\\components\\VUnsplashDataIteratorSearchBar.vue": {"path":"C:\\Users\\phili\\Documents\\Projects\\webdev\\open_source\\vuetify-unsplash\\src\\components\\VUnsplashDataIteratorSearchBar.vue","statementMap":{"0":{"start":{"line":68,"column":0},"end":{"line":68,"column":null}},"1":{"start":{"line":73,"column":0},"end":{"line":73,"column":null}},"2":{"start":{"line":77,"column":0},"end":{"line":77,"column":null}},"3":{"start":{"line":80,"column":0},"end":{"line":80,"column":null}}},"fnMap":{"0":{"name":"(anonymous_1)","decl":{"start":{"line":67,"column":0},"end":{"line":67,"column":null}},"loc":{"start":{"line":67,"column":0},"end":{"line":71,"column":null}}},"1":{"name":"(anonymous_2)","decl":{"start":{"line":72,"column":0},"end":{"line":72,"column":null}},"loc":{"start":{"line":72,"column":0},"end":{"line":74,"column":null}}},"2":{"name":"(anonymous_3)","decl":{"start":{"line":76,"column":0},"end":{"line":76,"column":null}},"loc":{"start":{"line":76,"column":0},"end":{"line":78,"column":null}}},"3":{"name":"(anonymous_4)","decl":{"start":{"line":79,"column":0},"end":{"line":79,"column":null}},"loc":{"start":{"line":79,"column":0},"end":{"line":81,"column":null}}}},"branchMap":{},"s":{"0":19,"1":1,"2":1,"3":1},"f":{"0":19,"1":1,"2":1,"3":1},"b":{}}
,"C:\\Users\\phili\\Documents\\Projects\\webdev\\open_source\\vuetify-unsplash\\src\\components\\VUnsplashDataIteratorSelectionHeader.vue": {"path":"C:\\Users\\phili\\Documents\\Projects\\webdev\\open_source\\vuetify-unsplash\\src\\components\\VUnsplashDataIteratorSelectionHeader.vue","statementMap":{"0":{"start":{"line":114,"column":0},"end":{"line":114,"column":null}},"1":{"start":{"line":117,"column":0},"end":{"line":117,"column":null}},"2":{"start":{"line":120,"column":0},"end":{"line":120,"column":null}}},"fnMap":{"0":{"name":"(anonymous_1)","decl":{"start":{"line":113,"column":0},"end":{"line":113,"column":null}},"loc":{"start":{"line":113,"column":0},"end":{"line":115,"column":null}}},"1":{"name":"(anonymous_2)","decl":{"start":{"line":116,"column":0},"end":{"line":116,"column":null}},"loc":{"start":{"line":116,"column":0},"end":{"line":118,"column":null}}},"2":{"name":"(anonymous_3)","decl":{"start":{"line":119,"column":0},"end":{"line":119,"column":null}},"loc":{"start":{"line":119,"column":0},"end":{"line":121,"column":null}}}},"branchMap":{},"s":{"0":1,"1":1,"2":1},"f":{"0":1,"1":1,"2":1},"b":{}}
,"C:\\Users\\phili\\Documents\\Projects\\webdev\\open_source\\vuetify-unsplash\\src\\components\\VUnsplashImageStack.vue": {"path":"C:\\Users\\phili\\Documents\\Projects\\webdev\\open_source\\vuetify-unsplash\\src\\components\\VUnsplashImageStack.vue","statementMap":{"0":{"start":{"line":76,"column":0},"end":{"line":76,"column":null}},"1":{"start":{"line":103,"column":0},"end":{"line":103,"column":null}}},"fnMap":{"0":{"name":"(anonymous_1)","decl":{"start":{"line":102,"column":0},"end":{"line":102,"column":null}},"loc":{"start":{"line":102,"column":0},"end":{"line":104,"column":null}}}},"branchMap":{},"s":{"0":2,"1":1},"f":{"0":1},"b":{}}
}
