TN:
SF:C:\Users\phili\Documents\Projects\webdev\open_source\vuetify-unsplash\src\components\VUnsplash.vue
FN:347,(anonymous_1)
FN:351,(anonymous_2)
FN:355,(anonymous_3)
FN:394,(anonymous_4)
FN:407,(anonymous_5)
FN:408,(anonymous_6)
FN:413,(anonymous_7)
FN:420,(anonymous_8)
FN:426,(anonymous_9)
FN:427,(anonymous_10)
FN:429,(anonymous_11)
FN:432,(anonymous_12)
FN:442,(anonymous_13)
FN:448,(anonymous_14)
FN:456,(anonymous_15)
FN:458,(anonymous_16)
FN:468,(anonymous_17)
FN:471,(anonymous_18)
FN:474,(anonymous_19)
FN:477,(anonymous_20)
FN:479,(anonymous_21)
FN:483,(anonymous_22)
FN:484,(anonymous_23)
FN:499,(anonymous_24)
FN:494,(anonymous_25)
FN:513,(anonymous_26)
FN:526,(anonymous_27)
FN:532,(anonymous_28)
FN:533,(anonymous_29)
FN:539,(anonymous_31)
FN:540,(anonymous_32)
FN:546,(anonymous_34)
FN:548,(anonymous_35)
FN:561,(anonymous_36)
FN:567,(anonymous_38)
FN:574,(anonymous_40)
FN:576,(anonymous_41)
FN:588,(anonymous_42)
FN:592,(anonymous_43)
FN:593,(anonymous_44)
FN:599,(anonymous_46)
FN:604,(anonymous_47)
FN:607,(anonymous_48)
FN:615,(anonymous_49)
FN:626,(anonymous_50)
FN:627,(anonymous_51)
FN:628,(anonymous_52)
FNF:47
FNH:42
FNDA:16,(anonymous_1)
FNDA:16,(anonymous_2)
FNDA:16,(anonymous_3)
FNDA:16,(anonymous_4)
FNDA:16,(anonymous_5)
FNDA:0,(anonymous_6)
FNDA:30,(anonymous_7)
FNDA:18,(anonymous_8)
FNDA:29,(anonymous_9)
FNDA:18,(anonymous_10)
FNDA:29,(anonymous_11)
FNDA:30,(anonymous_12)
FNDA:16,(anonymous_13)
FNDA:16,(anonymous_14)
FNDA:2,(anonymous_15)
FNDA:0,(anonymous_16)
FNDA:2,(anonymous_17)
FNDA:2,(anonymous_18)
FNDA:1,(anonymous_19)
FNDA:3,(anonymous_20)
FNDA:2,(anonymous_21)
FNDA:1,(anonymous_22)
FNDA:1,(anonymous_23)
FNDA:0,(anonymous_24)
FNDA:2,(anonymous_25)
FNDA:3,(anonymous_26)
FNDA:1,(anonymous_27)
FNDA:1,(anonymous_28)
FNDA:4,(anonymous_29)
FNDA:1,(anonymous_31)
FNDA:4,(anonymous_32)
FNDA:6,(anonymous_34)
FNDA:10,(anonymous_35)
FNDA:7,(anonymous_36)
FNDA:7,(anonymous_38)
FNDA:33,(anonymous_40)
FNDA:0,(anonymous_41)
FNDA:3,(anonymous_42)
FNDA:1,(anonymous_43)
FNDA:2,(anonymous_44)
FNDA:2,(anonymous_46)
FNDA:2,(anonymous_47)
FNDA:1,(anonymous_48)
FNDA:0,(anonymous_49)
FNDA:2,(anonymous_50)
FNDA:1,(anonymous_51)
FNDA:1,(anonymous_52)
DA:288,1
DA:289,1
DA:290,1
DA:291,1
DA:292,1
DA:293,1
DA:294,1
DA:295,1
DA:296,1
DA:297,1
DA:347,16
DA:351,16
DA:356,16
DA:394,16
DA:408,16
DA:409,0
DA:414,30
DA:415,30
DA:416,21
DA:418,9
DA:421,18
DA:427,47
DA:430,29
DA:433,30
DA:434,2
DA:439,28
DA:443,16
DA:444,16
DA:449,16
DA:450,16
DA:457,2
DA:458,2
DA:459,0
DA:461,2
DA:462,2
DA:463,2
DA:464,2
DA:465,2
DA:466,2
DA:469,3
DA:472,3
DA:475,1
DA:479,5
DA:480,3
DA:481,3
DA:482,3
DA:483,3
DA:484,2
DA:489,3
DA:490,3
DA:491,3
DA:500,0
DA:507,2
DA:508,1
DA:510,2
DA:511,2
DA:513,2
DA:514,3
DA:525,2
DA:528,1
DA:529,1
DA:533,2
DA:536,2
DA:540,2
DA:543,2
DA:547,6
DA:548,14
DA:551,4
DA:555,1
DA:556,1
DA:557,3
DA:558,1
DA:559,1
DA:561,5
DA:564,2
DA:567,5
DA:570,2
DA:575,33
DA:576,33
DA:577,0
DA:579,33
DA:580,33
DA:589,3
DA:590,3
DA:593,1
DA:596,1
DA:600,2
DA:602,1
DA:603,1
DA:604,3
DA:605,1
DA:606,1
DA:614,1
DA:619,1
DA:620,1
DA:621,1
DA:623,1
DA:624,1
DA:625,1
DA:626,3
DA:627,1
DA:628,2
DA:632,1
DA:633,1
DA:634,1
LF:105
LH:101
BRDA:415,0,0,21
BRDA:415,0,1,9
BRDA:415,1,0,30
BRDA:415,1,1,30
BRDA:421,2,0,19
BRDA:421,2,1,19
BRDA:433,3,0,2
BRDA:433,3,1,28
BRDA:434,4,0,2
BRDA:434,4,1,1
BRDA:469,5,0,1
BRDA:469,5,1,1
BRDA:472,6,0,1
BRDA:472,6,1,1
BRDA:480,7,0,3
BRDA:480,7,1,0
BRDA:507,8,0,1
BRDA:507,8,1,1
BRDA:510,9,0,2
BRDA:510,9,1,0
BRDA:547,10,0,4
BRDA:547,10,1,2
BRDA:551,11,0,1
BRDA:551,11,1,3
BRDA:551,12,0,4
BRDA:551,12,1,2
BRDA:557,13,0,1
BRDA:557,13,1,2
BRDA:557,14,0,3
BRDA:557,14,1,2
BRDA:580,15,0,33
BRDA:580,15,1,0
BRDA:600,16,0,1
BRDA:600,16,1,1
BRF:34
BRH:31
end_of_record
TN:
SF:C:\Users\phili\Documents\Projects\webdev\open_source\vuetify-unsplash\src\components\VUnsplashAppBar.vue
FN:59,(anonymous_1)
FN:62,(anonymous_2)
FNF:2
FNH:2
FNDA:1,(anonymous_1)
FNDA:1,(anonymous_2)
DA:60,1
DA:63,1
LF:2
LH:2
BRF:0
BRH:0
end_of_record
TN:
SF:C:\Users\phili\Documents\Projects\webdev\open_source\vuetify-unsplash\src\components\VUnsplashBlockSaveBtn.vue
FN:51,(anonymous_1)
FNF:1
FNH:1
FNDA:1,(anonymous_1)
DA:52,1
LF:1
LH:1
BRF:0
BRH:0
end_of_record
TN:
SF:C:\Users\phili\Documents\Projects\webdev\open_source\vuetify-unsplash\src\components\VUnsplashDataIteratorFooter.vue
FN:104,(anonymous_1)
FN:110,(anonymous_2)
FN:113,(anonymous_3)
FN:116,(anonymous_4)
FNF:4
FNH:4
FNDA:20,(anonymous_1)
FNDA:1,(anonymous_2)
FNDA:1,(anonymous_3)
FNDA:1,(anonymous_4)
DA:105,20
DA:111,1
DA:114,1
DA:117,1
LF:4
LH:4
BRF:0
BRH:0
end_of_record
TN:
SF:C:\Users\phili\Documents\Projects\webdev\open_source\vuetify-unsplash\src\components\VUnsplashDataIteratorSearchBar.vue
FN:67,(anonymous_1)
FN:72,(anonymous_2)
FN:76,(anonymous_3)
FN:79,(anonymous_4)
FNF:4
FNH:4
FNDA:19,(anonymous_1)
FNDA:1,(anonymous_2)
FNDA:1,(anonymous_3)
FNDA:1,(anonymous_4)
DA:68,19
DA:73,1
DA:77,1
DA:80,1
LF:4
LH:4
BRF:0
BRH:0
end_of_record
TN:
SF:C:\Users\phili\Documents\Projects\webdev\open_source\vuetify-unsplash\src\components\VUnsplashDataIteratorSelectionHeader.vue
FN:113,(anonymous_1)
FN:116,(anonymous_2)
FN:119,(anonymous_3)
FNF:3
FNH:3
FNDA:1,(anonymous_1)
FNDA:1,(anonymous_2)
FNDA:1,(anonymous_3)
DA:114,1
DA:117,1
DA:120,1
LF:3
LH:3
BRF:0
BRH:0
end_of_record
TN:
SF:C:\Users\phili\Documents\Projects\webdev\open_source\vuetify-unsplash\src\components\VUnsplashImageStack.vue
FN:102,(anonymous_1)
FNF:1
FNH:1
FNDA:1,(anonymous_1)
DA:76,2
DA:103,1
LF:2
LH:2
BRF:0
BRH:0
end_of_record
