TN:
SF:C:\Users\phili\Documents\Projects\webdev\open_source\vuetify-unsplash\src\components\VUnsplash.vue
FN:200,(anonymous_1)
FN:204,(anonymous_2)
FN:208,(anonymous_3)
FN:247,(anonymous_4)
FN:260,(anonymous_5)
FN:261,(anonymous_6)
FN:266,(anonymous_7)
FN:273,(anonymous_8)
FN:279,(anonymous_9)
FN:280,(anonymous_10)
FN:282,(anonymous_11)
FN:285,(anonymous_12)
FN:295,(anonymous_13)
FN:301,(anonymous_14)
FN:309,(anonymous_15)
FN:311,(anonymous_16)
FN:321,(anonymous_17)
FN:324,(anonymous_18)
FN:327,(anonymous_19)
FN:330,(anonymous_20)
FN:332,(anonymous_21)
FN:336,(anonymous_22)
FN:337,(anonymous_23)
FN:352,(anonymous_24)
FN:347,(anonymous_25)
FN:366,(anonymous_26)
FN:379,(anonymous_27)
FN:385,(anonymous_28)
FN:386,(anonymous_29)
FN:392,(anonymous_31)
FN:393,(anonymous_32)
FN:399,(anonymous_34)
FN:401,(anonymous_35)
FN:414,(anonymous_36)
FN:420,(anonymous_38)
FN:427,(anonymous_40)
FN:429,(anonymous_41)
FN:441,(anonymous_42)
FN:445,(anonymous_43)
FN:446,(anonymous_44)
FN:452,(anonymous_46)
FN:457,(anonymous_47)
FN:460,(anonymous_48)
FN:468,(anonymous_49)
FN:479,(anonymous_50)
FN:480,(anonymous_51)
FN:481,(anonymous_52)
FNF:47
FNH:42
FNDA:16,(anonymous_1)
FNDA:16,(anonymous_2)
FNDA:16,(anonymous_3)
FNDA:16,(anonymous_4)
FNDA:16,(anonymous_5)
FNDA:0,(anonymous_6)
FNDA:30,(anonymous_7)
FNDA:18,(anonymous_8)
FNDA:29,(anonymous_9)
FNDA:18,(anonymous_10)
FNDA:29,(anonymous_11)
FNDA:30,(anonymous_12)
FNDA:16,(anonymous_13)
FNDA:16,(anonymous_14)
FNDA:2,(anonymous_15)
FNDA:0,(anonymous_16)
FNDA:2,(anonymous_17)
FNDA:2,(anonymous_18)
FNDA:1,(anonymous_19)
FNDA:3,(anonymous_20)
FNDA:2,(anonymous_21)
FNDA:1,(anonymous_22)
FNDA:1,(anonymous_23)
FNDA:0,(anonymous_24)
FNDA:2,(anonymous_25)
FNDA:3,(anonymous_26)
FNDA:1,(anonymous_27)
FNDA:1,(anonymous_28)
FNDA:4,(anonymous_29)
FNDA:1,(anonymous_31)
FNDA:4,(anonymous_32)
FNDA:6,(anonymous_34)
FNDA:10,(anonymous_35)
FNDA:7,(anonymous_36)
FNDA:7,(anonymous_38)
FNDA:33,(anonymous_40)
FNDA:0,(anonymous_41)
FNDA:3,(anonymous_42)
FNDA:1,(anonymous_43)
FNDA:2,(anonymous_44)
FNDA:2,(anonymous_46)
FNDA:2,(anonymous_47)
FNDA:1,(anonymous_48)
FNDA:0,(anonymous_49)
FNDA:2,(anonymous_50)
FNDA:1,(anonymous_51)
FNDA:1,(anonymous_52)
DA:145,1
DA:146,1
DA:147,1
DA:148,1
DA:149,1
DA:150,1
DA:151,1
DA:152,1
DA:153,1
DA:200,16
DA:204,16
DA:209,16
DA:247,16
DA:261,16
DA:262,0
DA:267,30
DA:268,30
DA:269,21
DA:271,9
DA:274,18
DA:280,47
DA:283,29
DA:286,30
DA:287,2
DA:292,28
DA:296,16
DA:297,16
DA:302,16
DA:303,16
DA:310,2
DA:311,2
DA:312,0
DA:314,2
DA:315,2
DA:316,2
DA:317,2
DA:318,2
DA:319,2
DA:322,3
DA:325,3
DA:328,1
DA:332,5
DA:333,3
DA:334,3
DA:335,3
DA:336,3
DA:337,2
DA:342,3
DA:343,3
DA:344,3
DA:353,0
DA:360,2
DA:361,1
DA:363,2
DA:364,2
DA:366,2
DA:367,3
DA:378,2
DA:381,1
DA:382,1
DA:386,2
DA:389,2
DA:393,2
DA:396,2
DA:400,6
DA:401,14
DA:404,4
DA:408,1
DA:409,1
DA:410,3
DA:411,1
DA:412,1
DA:414,5
DA:417,2
DA:420,5
DA:423,2
DA:428,33
DA:429,33
DA:430,0
DA:432,33
DA:433,33
DA:442,3
DA:443,3
DA:446,1
DA:449,1
DA:453,2
DA:455,1
DA:456,1
DA:457,3
DA:458,1
DA:459,1
DA:467,1
DA:472,1
DA:473,1
DA:474,1
DA:476,1
DA:477,1
DA:478,1
DA:479,3
DA:480,1
DA:481,2
DA:485,1
DA:486,1
DA:487,1
LF:104
LH:100
BRDA:268,0,0,21
BRDA:268,0,1,9
BRDA:268,1,0,30
BRDA:268,1,1,30
BRDA:274,2,0,19
BRDA:274,2,1,19
BRDA:286,3,0,2
BRDA:286,3,1,28
BRDA:287,4,0,2
BRDA:287,4,1,1
BRDA:322,5,0,1
BRDA:322,5,1,1
BRDA:325,6,0,1
BRDA:325,6,1,1
BRDA:333,7,0,3
BRDA:333,7,1,0
BRDA:360,8,0,1
BRDA:360,8,1,1
BRDA:363,9,0,2
BRDA:363,9,1,0
BRDA:400,10,0,4
BRDA:400,10,1,2
BRDA:404,11,0,1
BRDA:404,11,1,3
BRDA:404,12,0,4
BRDA:404,12,1,2
BRDA:410,13,0,1
BRDA:410,13,1,2
BRDA:410,14,0,3
BRDA:410,14,1,2
BRDA:433,15,0,33
BRDA:433,15,1,0
BRDA:453,16,0,1
BRDA:453,16,1,1
BRF:34
BRH:31
end_of_record
TN:
SF:C:\Users\phili\Documents\Projects\webdev\open_source\vuetify-unsplash\src\components\VUnsplashAppBar.vue
FN:59,(anonymous_1)
FN:62,(anonymous_2)
FNF:2
FNH:2
FNDA:1,(anonymous_1)
FNDA:1,(anonymous_2)
DA:60,1
DA:63,1
LF:2
LH:2
BRF:0
BRH:0
end_of_record
TN:
SF:C:\Users\phili\Documents\Projects\webdev\open_source\vuetify-unsplash\src\components\VUnsplashBlockSaveBtn.vue
FN:51,(anonymous_1)
FNF:1
FNH:1
FNDA:1,(anonymous_1)
DA:52,1
LF:1
LH:1
BRF:0
BRH:0
end_of_record
TN:
SF:C:\Users\phili\Documents\Projects\webdev\open_source\vuetify-unsplash\src\components\VUnsplashDataIteratorFooter.vue
FN:104,(anonymous_1)
FN:110,(anonymous_2)
FN:113,(anonymous_3)
FN:116,(anonymous_4)
FNF:4
FNH:4
FNDA:20,(anonymous_1)
FNDA:1,(anonymous_2)
FNDA:1,(anonymous_3)
FNDA:1,(anonymous_4)
DA:105,20
DA:111,1
DA:114,1
DA:117,1
LF:4
LH:4
BRF:0
BRH:0
end_of_record
TN:
SF:C:\Users\phili\Documents\Projects\webdev\open_source\vuetify-unsplash\src\components\VUnsplashDataIteratorSearchBar.vue
FN:67,(anonymous_1)
FN:72,(anonymous_2)
FN:76,(anonymous_3)
FN:79,(anonymous_4)
FNF:4
FNH:4
FNDA:19,(anonymous_1)
FNDA:1,(anonymous_2)
FNDA:1,(anonymous_3)
FNDA:1,(anonymous_4)
DA:68,19
DA:73,1
DA:77,1
DA:80,1
LF:4
LH:4
BRF:0
BRH:0
end_of_record
TN:
SF:C:\Users\phili\Documents\Projects\webdev\open_source\vuetify-unsplash\src\components\VUnsplashDataIteratorSelectionHeader.vue
FN:113,(anonymous_1)
FN:116,(anonymous_2)
FN:119,(anonymous_3)
FNF:3
FNH:3
FNDA:1,(anonymous_1)
FNDA:1,(anonymous_2)
FNDA:1,(anonymous_3)
DA:114,1
DA:117,1
DA:120,1
LF:3
LH:3
BRF:0
BRH:0
end_of_record
TN:
SF:C:\Users\phili\Documents\Projects\webdev\open_source\vuetify-unsplash\src\components\VUnsplashImageStack.vue
FN:102,(anonymous_1)
FNF:1
FNH:1
FNDA:1,(anonymous_1)
DA:76,2
DA:103,1
LF:2
LH:2
BRF:0
BRH:0
end_of_record
